#
# A fatal error has been detected by the Java Runtime Environment:
#
#  EXCEPTION_ACCESS_VIOLATION (0xc0000005) at pc=0x00007ff8e6d69fca, pid=5020, tid=8528
#
# JRE version: OpenJDK Runtime Environment Temurin-21.0.7+6 (21.0.7+6) (build 21.0.7+6-LTS)
# Java VM: OpenJDK 64-Bit Server VM Temurin-21.0.7+6 (21.0.7+6-LTS, mixed mode, sharing, tiered, compressed oops, compressed class ptrs, parallel gc, windows-amd64)
# Problematic frame:
# V  [jvm.dll+0x6f9fca]
#
# No core dump will be written. Minidumps are not enabled by default on client versions of Windows
#
# If you would like to submit a bug report, please visit:
#   https://github.com/adoptium/adoptium-support/issues
#

---------------  S U M M A R Y ------------

Command Line: --add-modules=ALL-SYSTEM --add-opens=java.base/java.util=ALL-UNNAMED --add-opens=java.base/java.lang=ALL-UNNAMED --add-opens=java.base/sun.nio.fs=ALL-UNNAMED -Declipse.application=org.eclipse.jdt.ls.core.id1 -Dosgi.bundles.defaultStartLevel=4 -Declipse.product=org.eclipse.jdt.ls.core.product -Djava.import.generatesMetadataFilesAtProjectRoot=false -DDetectVMInstallationsJob.disabled=true -Dfile.encoding=utf8 -XX:+UseParallelGC -XX:GCTimeRatio=4 -XX:AdaptiveSizePolicyWeight=90 -Dsun.zip.disableMemoryMapping=true -Xmx1G -Xms100m -Xlog:disable -javaagent:c:\Users\Joni\.cursor\extensions\redhat.java-1.42.0-win32-x64\lombok\lombok-1.18.36.jar -XX:+HeapDumpOnOutOfMemoryError -XX:HeapDumpPath=c:\Users\Joni\AppData\Roaming\Cursor\User\workspaceStorage\f89d6dfb2b8d16b9fec1a95af17d94b2\redhat.java -Daether.dependencyCollector.impl=bf c:\Users\Joni\.cursor\extensions\redhat.java-1.42.0-win32-x64\server\plugins\org.eclipse.equinox.launcher_1.7.0.v20250424-1814.jar -configuration c:\Users\Joni\AppData\Roaming\Cursor\User\globalStorage\redhat.java\1.42.0\config_win -data c:\Users\Joni\AppData\Roaming\Cursor\User\workspaceStorage\f89d6dfb2b8d16b9fec1a95af17d94b2\redhat.java\jdt_ws --pipe=\\.\pipe\lsp-e5c1bcad022122e83e4e7600b15033f4-sock

Host: Intel(R) Core(TM) i7-8700 CPU @ 3.20GHz, 12 cores, 15G,  Windows 10 , 64 bit Build 19041 (10.0.19041.5915)
Time: Sat Jun 14 13:27:33 2025 Jerusalem Daylight Time elapsed time: 2740.273906 seconds (0d 0h 45m 40s)

---------------  T H R E A D  ---------------

Current thread (0x000002196121c660):  JavaThread "C2 CompilerThread0" daemon [_thread_in_native, id=8528, stack(0x000000aa09800000,0x000000aa09900000) (1024K)]


Current CompileTask:
C2:2740273 31100   !   4       org.eclipse.jdt.internal.compiler.ast.TypeDeclaration::generateCode (444 bytes)

Stack: [0x000000aa09800000,0x000000aa09900000],  sp=0x000000aa098fca20,  free space=1010k
Native frames: (J=compiled Java code, j=interpreted, Vv=VM code, C=native code)
V  [jvm.dll+0x6f9fca]
V  [jvm.dll+0x1e00f6]
V  [jvm.dll+0x247c42]
V  [jvm.dll+0x2470cf]
V  [jvm.dll+0x1c760e]
V  [jvm.dll+0x25695a]
V  [jvm.dll+0x254efa]
V  [jvm.dll+0x3f03f6]
V  [jvm.dll+0x851f6b]
V  [jvm.dll+0x6cc7dd]
C  [ucrtbase.dll+0x21bb2]
C  [KERNEL32.DLL+0x17374]
C  [ntdll.dll+0x4cc91]


siginfo: EXCEPTION_ACCESS_VIOLATION (0xc0000005), reading address 0x00000000000000d2


Registers:
RAX=0x0000021966e20050, RBX=0x0000000000000001, RCX=0x0000000000000004, RDX=0x000002196992ec60
RSP=0x000000aa098fca20, RBP=0x000000aa098fcb20, RSI=0x000000aa098fd090, RDI=0x0000021966e1ff28
R8 =0x00000219686f8520, R9 =0x0000021966e1ff28, R10=0x00000219686f8520, R11=0x0000021969910230
R12=0x000000000000000a, R13=0x0000021969a9f130, R14=0x0000021969aa0570, R15=0x00000000000000aa
RIP=0x00007ff8e6d69fca, EFLAGS=0x0000000000010206

XMM[0]=0x0000000000000000 0x0000000000000000
XMM[1]=0x0000000000000000 0x0000000000000000
XMM[2]=0x0000000000000000 0x0000000000000000
XMM[3]=0x0000000000000000 0x0000000000000000
XMM[4]=0x0000000000000000 0x0000000000000000
XMM[5]=0x0000000000000000 0x0000000000000000
XMM[6]=0x0000000000000000 0x0000000000000000
XMM[7]=0x0000000000000000 0x0000000000000000
XMM[8]=0x0000000000000000 0x0000000000000000
XMM[9]=0x0000000000000000 0x0000000000000000
XMM[10]=0x0000000000000000 0x0000000000000000
XMM[11]=0x0000000000000000 0x0000000000000000
XMM[12]=0x0000000000000000 0x0000000000000000
XMM[13]=0x0000000000000000 0x0000000000000000
XMM[14]=0x0000000000000000 0x0000000000000000
XMM[15]=0x0000000000000000 0x0000000000000000
  MXCSR=0x00001fb3


Register to memory mapping:

RAX=0x0000021966e20050 points into unknown readable memory: 0x0000021969434dd0 | d0 4d 43 69 19 02 00 00
RBX=0x0000000000000001 is an unknown value
RCX=0x0000000000000004 is an unknown value
RDX=0x000002196992ec60 points into unknown readable memory: 0x3f9598ba8ad76abc | bc 6a d7 8a ba 98 95 3f
RSP=0x000000aa098fca20 is pointing into the stack for thread: 0x000002196121c660
RBP=0x000000aa098fcb20 is pointing into the stack for thread: 0x000002196121c660
RSI=0x000000aa098fd090 is pointing into the stack for thread: 0x000002196121c660
RDI=0x0000021966e1ff28 points into unknown readable memory: 0x00007ff8e6fe2048 | 48 20 fe e6 f8 7f 00 00
R8 =0x00000219686f8520 points into unknown readable memory: 0x0000000000000000 | 00 00 00 00 00 00 00 00
R9 =0x0000021966e1ff28 points into unknown readable memory: 0x00007ff8e6fe2048 | 48 20 fe e6 f8 7f 00 00
R10=0x00000219686f8520 points into unknown readable memory: 0x0000000000000000 | 00 00 00 00 00 00 00 00
R11=0x0000021969910230 points into unknown readable memory: 0x0000000000000000 | 00 00 00 00 00 00 00 00
R12=0x000000000000000a is an unknown value
R13=0x0000021969a9f130 points into unknown readable memory: 0x000002195f209240 | 40 92 20 5f 19 02 00 00
R14=0x0000021969aa0570 points into unknown readable memory: 0x000002195f209240 | 40 92 20 5f 19 02 00 00
R15=0x00000000000000aa is an unknown value

Top of Stack: (sp=0x000000aa098fca20)
0x000000aa098fca20:   000000000000022e 0000021969434dd0
0x000000aa098fca30:   0000021900000001 00000219695fd738
0x000000aa098fca40:   0000021969aa0570 0000021969a9f130
0x000000aa098fca50:   0000000000000201 00000000ffffffff
0x000000aa098fca60:   00000219695fd738 0000021969a9f130
0x000000aa098fca70:   0000021966e20010 0000021900000001
0x000000aa098fca80:   00000000000002c9 00007ff800000132
0x000000aa098fca90:   00000219690ede50 000002195f217ef0
0x000000aa098fcaa0:   00000219690eca50 0000021961a13c90
0x000000aa098fcab0:   0000021966e1ff28 0000004000000000
0x000000aa098fcac0:   0000021961a13c90 0000000000000000
0x000000aa098fcad0:   000002195f217ea0 000000000001e140
0x000000aa098fcae0:   000002195f209240 00000219690ec820
0x000000aa098fcaf0:   00000219690eca50 00000219690f4808
0x000000aa098fcb00:   000000000012bb58 0000000000000000
0x000000aa098fcb10:   0000000000000e49 0000000000000000
0x000000aa098fcb20:   000000000000752f 00007ff8e68507c3
0x000000aa098fcb30:   000000000000752f 00000219699ad3b0
0x000000aa098fcb40:   00000219699ad3e8 00007ff8e706f040
0x000000aa098fcb50:   0000000000000000 00000004000005e8
0x000000aa098fcb60:   0000000600000006 0000021969318d00
0x000000aa098fcb70:   0000021973b70000 0000000000000000
0x000000aa098fcb80:   0000000000000000 0000000000000000
0x000000aa098fcb90:   0000000000000000 00007ff8e70fa2c8
0x000000aa098fcba0:   0000000000000000 0000000000000000
0x000000aa098fcbb0:   0000000000000000 00007ff8e70fa2c8
0x000000aa098fcbc0:   0000000000000000 00007ff8e706f050
0x000000aa098fcbd0:   0000000000000000 0000021973342d60
0x000000aa098fcbe0:   000000aa098fd170 0000000000000001
0x000000aa098fcbf0:   0000021973342d70 0000000000000000
0x000000aa098fcc00:   0000021973343148 000000aa098fd090
0x000000aa098fcc10:   000000aa098fcd20 00007ff8e68500f6 

Instructions: (pc=0x00007ff8e6d69fca)
0x00007ff8e6d69eca:   00 00 41 ff c7 44 89 bd 08 01 00 00 45 3b fa 0f
0x00007ff8e6d69eda:   82 67 fe ff ff 4c 8b 64 24 40 45 3b 54 24 28 0f
0x00007ff8e6d69eea:   83 14 0a 00 00 90 45 3b 54 24 18 73 53 49 8b 44
0x00007ff8e6d69efa:   24 20 41 8b ca 4c 8b 3c c8 eb 48 48 8b cf e8 23
0x00007ff8e6d69f0a:   c7 ff ff 4c 8b 6c 24 48 4c 8b cb 48 8b b5 00 01
0x00007ff8e6d69f1a:   00 00 4c 8b c7 4c 89 6c 24 28 48 8b ce 48 8b d7
0x00007ff8e6d69f2a:   4c 89 74 24 20 e8 5c 0d 00 00 44 8b 95 10 01 00
0x00007ff8e6d69f3a:   00 44 2b f8 41 ff ca 44 89 95 10 01 00 00 eb 82
0x00007ff8e6d69f4a:   45 33 ff 41 83 7f 20 00 4c 89 7c 24 50 75 41 48
0x00007ff8e6d69f5a:   8b 46 10 4c 3b b8 e8 02 00 00 74 34 41 8b 47 2c
0x00007ff8e6d69f6a:   24 0f 3c 08 74 2a 4c 89 6c 24 28 4d 8b cc 4d 8b
0x00007ff8e6d69f7a:   c7 4c 89 74 24 20 49 8b d7 48 8b ce e8 05 0d 00
0x00007ff8e6d69f8a:   00 44 8b 95 10 01 00 00 44 2b d0 e9 4f 09 00 00
0x00007ff8e6d69f9a:   b8 01 00 00 00 89 85 08 01 00 00 41 39 47 18 0f
0x00007ff8e6d69faa:   86 de 01 00 00 90 8b c8 49 8b 47 08 4c 8b 3c c8
0x00007ff8e6d69fba:   4d 85 ff 0f 84 09 0a 00 00 4c 8b 86 08 01 00 00
0x00007ff8e6d69fca:   49 63 47 28 41 8b 0c 80 85 c9 0f 84 91 01 00 00
0x00007ff8e6d69fda:   48 8b 46 70 48 89 4c 24 60 4c 8b 48 20 48 69 c1
0x00007ff8e6d69fea:   b0 00 00 00 46 8b 64 08 30 45 3b 66 08 73 0f 49
0x00007ff8e6d69ffa:   8b 46 10 4a 83 3c e0 00 0f 85 63 01 00 00 41 8b
0x00007ff8e6d6a00a:   47 30 83 e0 01 74 30 8b c8 49 8b 47 08 48 8b 14
0x00007ff8e6d6a01a:   c8 48 85 d2 74 21 48 63 42 28 41 8b 0c 80 48 69
0x00007ff8e6d6a02a:   c1 b0 00 00 00 46 3b 64 08 30 75 0b 8b 42 30 4c
0x00007ff8e6d6a03a:   8b fa 83 e0 01 75 d0 49 8b d7 48 8b ce e8 04 0a
0x00007ff8e6d6a04a:   00 00 48 8b f8 48 89 45 90 45 3b 66 08 72 0b 41
0x00007ff8e6d6a05a:   8b d4 49 8b ce e8 3c f6 fa ff 49 8b 4e 10 4a 89
0x00007ff8e6d6a06a:   3c e1 45 3b 65 08 72 0b 41 8b d4 49 8b cd e8 23
0x00007ff8e6d6a07a:   f6 fa ff 49 8b 45 10 49 8b cf 4e 89 3c e0 49 8b
0x00007ff8e6d6a08a:   07 ff 50 70 48 8b 8e 08 01 00 00 49 63 57 28 8b
0x00007ff8e6d6a09a:   14 91 48 8b 4e 70 48 69 d2 b0 00 00 00 48 03 51
0x00007ff8e6d6a0aa:   20 8b c8 e8 ae 1a 02 00 be 01 00 00 00 89 44 24
0x00007ff8e6d6a0ba:   58 3b c6 0f 8e a1 00 00 00 0f 1f 40 00 66 0f 1f 


Stack slot to memory mapping:

stack at sp + 0 slots: 0x000000000000022e is an unknown value
stack at sp + 1 slots: 0x0000021969434dd0 points into unknown readable memory: 0x00007ff8e7011bf8 | f8 1b 01 e7 f8 7f 00 00
stack at sp + 2 slots: 0x0000021900000001 is pointing into metadata
stack at sp + 3 slots: 0x00000219695fd738 points into unknown readable memory: 0x00007ff8e705a788 | 88 a7 05 e7 f8 7f 00 00
stack at sp + 4 slots: 0x0000021969aa0570 points into unknown readable memory: 0x000002195f209240 | 40 92 20 5f 19 02 00 00
stack at sp + 5 slots: 0x0000021969a9f130 points into unknown readable memory: 0x000002195f209240 | 40 92 20 5f 19 02 00 00
stack at sp + 6 slots: 0x0000000000000201 is an unknown value
stack at sp + 7 slots: 0x00000000ffffffff is an unallocated location in the heap


---------------  P R O C E S S  ---------------

Threads class SMR info:
_java_thread_list=0x0000021966e683e0, length=58, elements={
0x000002194ae25b10, 0x000002195f214940, 0x000002195f2167b0, 0x000002195f2195a0,
0x000002195f21a4b0, 0x000002195f21e8c0, 0x00000219612143e0, 0x000002196121c660,
0x0000021961220120, 0x00000219612fd8c0, 0x00000219612fc510, 0x00000219612fbe80,
0x00000219612fdf50, 0x00000219612fcba0, 0x00000219612fe5e0, 0x00000219612fd230,
0x00000219612fec70, 0x00000219661cf530, 0x00000219661ccdd0, 0x00000219661d1c90,
0x00000219661d29b0, 0x00000219661d43f0, 0x00000219661d3040, 0x00000219661d2320,
0x00000219661d0250, 0x00000219661ce810, 0x00000219661d36d0, 0x00000219661ceea0,
0x00000219661cd460, 0x00000219661cfbc0, 0x00000219661d08e0, 0x0000021968a60810,
0x0000021968a61bc0, 0x0000021968a62f70, 0x0000021968a5faf0, 0x0000021968a5edd0,
0x00000219677f3dd0, 0x00000219677f5180, 0x00000219677f6bc0, 0x0000021968a61530,
0x0000021968a628e0, 0x0000021968a656d0, 0x0000021968a60180, 0x0000021968a65040,
0x0000021968a65d60, 0x00000219677f0fe0, 0x00000219677f8600, 0x00000219677f3740,
0x00000219661d3d60, 0x0000021961b4c8e0, 0x0000021961b4aea0, 0x0000021961b503f0,
0x0000021961b4b530, 0x0000021969a818b0, 0x0000021969a7c9f0, 0x0000021969a825d0,
0x0000021969a7bcd0, 0x0000021969a7c360
}

Java Threads: ( => current thread )
  0x000002194ae25b10 JavaThread "main"                              [_thread_blocked, id=19524, stack(0x000000aa08e00000,0x000000aa08f00000) (1024K)]
  0x000002195f214940 JavaThread "Reference Handler"          daemon [_thread_blocked, id=19916, stack(0x000000aa09200000,0x000000aa09300000) (1024K)]
  0x000002195f2167b0 JavaThread "Finalizer"                  daemon [_thread_blocked, id=19912, stack(0x000000aa09300000,0x000000aa09400000) (1024K)]
  0x000002195f2195a0 JavaThread "Signal Dispatcher"          daemon [_thread_blocked, id=19952, stack(0x000000aa09400000,0x000000aa09500000) (1024K)]
  0x000002195f21a4b0 JavaThread "Attach Listener"            daemon [_thread_blocked, id=19948, stack(0x000000aa09500000,0x000000aa09600000) (1024K)]
  0x000002195f21e8c0 JavaThread "Service Thread"             daemon [_thread_blocked, id=19944, stack(0x000000aa09600000,0x000000aa09700000) (1024K)]
  0x00000219612143e0 JavaThread "Monitor Deflation Thread"   daemon [_thread_blocked, id=19896, stack(0x000000aa09700000,0x000000aa09800000) (1024K)]
=>0x000002196121c660 JavaThread "C2 CompilerThread0"         daemon [_thread_in_native, id=8528, stack(0x000000aa09800000,0x000000aa09900000) (1024K)]
  0x0000021961220120 JavaThread "C1 CompilerThread0"         daemon [_thread_blocked, id=19800, stack(0x000000aa09900000,0x000000aa09a00000) (1024K)]
  0x00000219612fd8c0 JavaThread "Common-Cleaner"             daemon [_thread_blocked, id=7996, stack(0x000000aa09a00000,0x000000aa09b00000) (1024K)]
  0x00000219612fc510 JavaThread "Notification Thread"        daemon [_thread_blocked, id=20380, stack(0x000000aa09c00000,0x000000aa09d00000) (1024K)]
  0x00000219612fbe80 JavaThread "Active Thread: Equinox Container: 86e38a83-170b-44e5-82ad-870d50cdf85f"        [_thread_blocked, id=20476, stack(0x000000aa0a400000,0x000000aa0a500000) (1024K)]
  0x00000219612fdf50 JavaThread "Refresh Thread: Equinox Container: 86e38a83-170b-44e5-82ad-870d50cdf85f" daemon [_thread_blocked, id=19656, stack(0x000000aa0a500000,0x000000aa0a600000) (1024K)]
  0x00000219612fcba0 JavaThread "Framework Event Dispatcher: Equinox Container: 86e38a83-170b-44e5-82ad-870d50cdf85f" daemon [_thread_blocked, id=19496, stack(0x000000aa0a700000,0x000000aa0a800000) (1024K)]
  0x00000219612fe5e0 JavaThread "Start Level: Equinox Container: 86e38a83-170b-44e5-82ad-870d50cdf85f" daemon [_thread_blocked, id=20416, stack(0x000000aa0a800000,0x000000aa0a900000) (1024K)]
  0x00000219612fd230 JavaThread "Bundle File Closer"         daemon [_thread_blocked, id=19660, stack(0x000000aa0ab00000,0x000000aa0ac00000) (1024K)]
  0x00000219612fec70 JavaThread "SCR Component Actor"        daemon [_thread_blocked, id=2412, stack(0x000000aa09b00000,0x000000aa09c00000) (1024K)]
  0x00000219661cf530 JavaThread "Worker-JM"                         [_thread_blocked, id=5152, stack(0x000000aa0ad00000,0x000000aa0ae00000) (1024K)]
  0x00000219661ccdd0 JavaThread "JNA Cleaner"                daemon [_thread_blocked, id=19876, stack(0x000000aa0ae00000,0x000000aa0af00000) (1024K)]
  0x00000219661d1c90 JavaThread "Java indexing"              daemon [_thread_blocked, id=19940, stack(0x000000aa0b300000,0x000000aa0b400000) (1024K)]
  0x00000219661d29b0 JavaThread "Thread-2"                   daemon [_thread_in_native, id=19984, stack(0x000000aa0b500000,0x000000aa0b600000) (1024K)]
  0x00000219661d43f0 JavaThread "Thread-3"                   daemon [_thread_in_native, id=19756, stack(0x000000aa0b600000,0x000000aa0b700000) (1024K)]
  0x00000219661d3040 JavaThread "Thread-4"                   daemon [_thread_in_native, id=20104, stack(0x000000aa0b700000,0x000000aa0b800000) (1024K)]
  0x00000219661d2320 JavaThread "Thread-5"                   daemon [_thread_in_native, id=19956, stack(0x000000aa0b800000,0x000000aa0b900000) (1024K)]
  0x00000219661d0250 JavaThread "Thread-6"                   daemon [_thread_in_native, id=19972, stack(0x000000aa0b900000,0x000000aa0ba00000) (1024K)]
  0x00000219661ce810 JavaThread "Thread-7"                   daemon [_thread_in_native, id=19620, stack(0x000000aa0ba00000,0x000000aa0bb00000) (1024K)]
  0x00000219661d36d0 JavaThread "Thread-8"                   daemon [_thread_in_native, id=12060, stack(0x000000aa0bb00000,0x000000aa0bc00000) (1024K)]
  0x00000219661ceea0 JavaThread "Thread-9"                   daemon [_thread_in_native, id=19644, stack(0x000000aa0bc00000,0x000000aa0bd00000) (1024K)]
  0x00000219661cd460 JavaThread "Thread-10"                  daemon [_thread_in_native, id=12452, stack(0x000000aa0bd00000,0x000000aa0be00000) (1024K)]
  0x00000219661cfbc0 JavaThread "Thread-11"                  daemon [_thread_in_native, id=4296, stack(0x000000aa0be00000,0x000000aa0bf00000) (1024K)]
  0x00000219661d08e0 JavaThread "Thread-12"                  daemon [_thread_in_native, id=6180, stack(0x000000aa0bf00000,0x000000aa0c000000) (1024K)]
  0x0000021968a60810 JavaThread "Thread-13"                  daemon [_thread_in_native, id=19764, stack(0x000000aa0c000000,0x000000aa0c100000) (1024K)]
  0x0000021968a61bc0 JavaThread "Thread-14"                  daemon [_thread_in_native, id=19796, stack(0x000000aa0c100000,0x000000aa0c200000) (1024K)]
  0x0000021968a62f70 JavaThread "pool-2-thread-1"                   [_thread_blocked, id=16560, stack(0x000000aa0c200000,0x000000aa0c300000) (1024K)]
  0x0000021968a5faf0 JavaThread "WorkspaceEventsHandler"            [_thread_blocked, id=20308, stack(0x000000aa0c400000,0x000000aa0c500000) (1024K)]
  0x0000021968a5edd0 JavaThread "pool-1-thread-1"                   [_thread_blocked, id=19700, stack(0x000000aa0c500000,0x000000aa0c600000) (1024K)]
  0x00000219677f3dd0 JavaThread "ForkJoinPool.commonPool-worker-2" daemon [_thread_blocked, id=21012, stack(0x000000aa0b200000,0x000000aa0b300000) (1024K)]
  0x00000219677f5180 JavaThread "ForkJoinPool.commonPool-worker-3" daemon [_thread_blocked, id=1684, stack(0x000000aa0ea00000,0x000000aa0eb00000) (1024K)]
  0x00000219677f6bc0 JavaThread "ForkJoinPool.commonPool-worker-6" daemon [_thread_blocked, id=20780, stack(0x000000aa0eb00000,0x000000aa0ec00000) (1024K)]
  0x0000021968a61530 JavaThread "ForkJoinPool.commonPool-worker-13" daemon [_thread_blocked, id=21024, stack(0x000000aa08b00000,0x000000aa08c00000) (1024K)]
  0x0000021968a628e0 JavaThread "ForkJoinPool.commonPool-worker-12" daemon [_thread_blocked, id=19588, stack(0x000000aa08d00000,0x000000aa08e00000) (1024K)]
  0x0000021968a656d0 JavaThread "ForkJoinPool.commonPool-worker-14" daemon [_thread_blocked, id=21168, stack(0x000000aa09d00000,0x000000aa09e00000) (1024K)]
  0x0000021968a60180 JavaThread "ForkJoinPool.commonPool-worker-16" daemon [_thread_blocked, id=20904, stack(0x000000aa0af00000,0x000000aa0b000000) (1024K)]
  0x0000021968a65040 JavaThread "Compiler Source File Reader" daemon [_thread_blocked, id=21216, stack(0x000000aa0c600000,0x000000aa0c700000) (1024K)]
  0x0000021968a65d60 JavaThread "Compiler Source File Reader" daemon [_thread_blocked, id=20624, stack(0x000000aa0c800000,0x000000aa0c900000) (1024K)]
  0x00000219677f0fe0 JavaThread "Compiler Source File Reader" daemon [_thread_blocked, id=20600, stack(0x000000aa0d700000,0x000000aa0d800000) (1024K)]
  0x00000219677f8600 JavaThread "Compiler Source File Reader" daemon [_thread_blocked, id=16412, stack(0x000000aa0d800000,0x000000aa0d900000) (1024K)]
  0x00000219677f3740 JavaThread "Compiler Source File Reader" daemon [_thread_blocked, id=14264, stack(0x000000aa0db00000,0x000000aa0dc00000) (1024K)]
  0x00000219661d3d60 JavaThread "Compiler Source File Reader" daemon [_thread_blocked, id=20632, stack(0x000000aa0dc00000,0x000000aa0dd00000) (1024K)]
  0x0000021961b4c8e0 JavaThread "ForkJoinPool.commonPool-worker-19" daemon [_thread_blocked, id=12076, stack(0x000000aa0cb00000,0x000000aa0cc00000) (1024K)]
  0x0000021961b4aea0 JavaThread "Worker-13"                         [_thread_blocked, id=12364, stack(0x000000aa0c300000,0x000000aa0c400000) (1024K)]
  0x0000021961b503f0 JavaThread "Worker-14"                         [_thread_blocked, id=6340, stack(0x000000aa0b000000,0x000000aa0b100000) (1024K)]
  0x0000021961b4b530 JavaThread "ForkJoinPool.commonPool-worker-20" daemon [_thread_blocked, id=10800, stack(0x000000aa0b100000,0x000000aa0b200000) (1024K)]
  0x0000021969a818b0 JavaThread "Worker-16"                         [_thread_blocked, id=13556, stack(0x000000aa08c00000,0x000000aa08d00000) (1024K)]
  0x0000021969a7c9f0 JavaThread "ForkJoinPool.commonPool-worker-21" daemon [_thread_blocked, id=21272, stack(0x000000aa0ac00000,0x000000aa0ad00000) (1024K)]
  0x0000021969a825d0 JavaThread "ForkJoinPool.commonPool-worker-22" daemon [_thread_blocked, id=1624, stack(0x000000aa0b400000,0x000000aa0b500000) (1024K)]
  0x0000021969a7bcd0 JavaThread "Compiler Source File Reader" daemon [_thread_blocked, id=12172, stack(0x000000aa0c700000,0x000000aa0c800000) (1024K)]
  0x0000021969a7c360 JavaThread "Compiler Processing Task"   daemon [_thread_blocked, id=8588, stack(0x000000aa0c900000,0x000000aa0ca00000) (1024K)]
Total: 58

Other Threads:
  0x000002194aee48a0 VMThread "VM Thread"                           [id=19392, stack(0x000000aa09100000,0x000000aa09200000) (1024K)]
  0x000002194ae8f3e0 WatcherThread "VM Periodic Task Thread"        [id=1036, stack(0x000000aa09000000,0x000000aa09100000) (1024K)]
  0x000002194ae42c10 WorkerThread "GC Thread#0"                     [id=1840, stack(0x000000aa08f00000,0x000000aa09000000) (1024K)]
  0x0000021961815ea0 WorkerThread "GC Thread#1"                     [id=19480, stack(0x000000aa09e00000,0x000000aa09f00000) (1024K)]
  0x000002196188ae40 WorkerThread "GC Thread#2"                     [id=19484, stack(0x000000aa09f00000,0x000000aa0a000000) (1024K)]
  0x000002196188b1e0 WorkerThread "GC Thread#3"                     [id=20464, stack(0x000000aa0a000000,0x000000aa0a100000) (1024K)]
  0x000002196181b2d0 WorkerThread "GC Thread#4"                     [id=20404, stack(0x000000aa0a100000,0x000000aa0a200000) (1024K)]
  0x000002196181b670 WorkerThread "GC Thread#5"                     [id=20444, stack(0x000000aa0a200000,0x000000aa0a300000) (1024K)]
  0x000002196181ba10 WorkerThread "GC Thread#6"                     [id=20372, stack(0x000000aa0a300000,0x000000aa0a400000) (1024K)]
  0x0000021966280f40 WorkerThread "GC Thread#7"                     [id=12492, stack(0x000000aa0a600000,0x000000aa0a700000) (1024K)]
  0x00000219662f91c0 WorkerThread "GC Thread#8"                     [id=20376, stack(0x000000aa0a900000,0x000000aa0aa00000) (1024K)]
  0x0000021966753970 WorkerThread "GC Thread#9"                     [id=13416, stack(0x000000aa0aa00000,0x000000aa0ab00000) (1024K)]
Total: 12

Threads with active compile tasks:
C2 CompilerThread0  2740350 31100   !   4       org.eclipse.jdt.internal.compiler.ast.TypeDeclaration::generateCode (444 bytes)
Total: 1

VM state: not at safepoint (normal execution)

VM Mutex/Monitor currently owned by a thread: None

Heap address: 0x00000000c0000000, size: 1024 MB, Compressed Oops mode: 32-bit

CDS archive(s) mapped at: [0x0000021900000000-0x0000021900ba0000-0x0000021900ba0000), size 12189696, SharedBaseAddress: 0x0000021900000000, ArchiveRelocationMode: 1.
Compressed class space mapped at: 0x0000021901000000-0x0000021941000000, reserved size: 1073741824
Narrow klass base: 0x0000021900000000, Narrow klass shift: 0, Narrow klass range: 0x100000000

GC Precious Log:
 CardTable entry size: 512
 CPUs: 12 total, 12 available
 Memory: 16318M
 Large Page Support: Disabled
 NUMA Support: Disabled
 Compressed Oops: Enabled (32-bit)
 Alignments: Space 512K, Generation 512K, Heap 2M
 Heap Min Capacity: 100M
 Heap Initial Capacity: 100M
 Heap Max Capacity: 1G
 Pre-touch: Disabled
 Parallel Workers: 10

Heap:
 PSYoungGen      total 3072K, used 2418K [0x00000000eab00000, 0x00000000eaf00000, 0x0000000100000000)
  eden space 2048K, 73% used [0x00000000eab00000,0x00000000eac78760,0x00000000ead00000)
  from space 1024K, 89% used [0x00000000ead00000,0x00000000eade42f8,0x00000000eae00000)
  to   space 1024K, 0% used [0x00000000eae00000,0x00000000eae00000,0x00000000eaf00000)
 ParOldGen       total 359936K, used 359874K [0x00000000c0000000, 0x00000000d5f80000, 0x00000000eab00000)
  object space 359936K, 99% used [0x00000000c0000000,0x00000000d5f70980,0x00000000d5f80000)
 Metaspace       used 88375K, committed 89920K, reserved 1179648K
  class space    used 8342K, committed 9088K, reserved 1048576K

Card table byte_map: [0x000002194a800000,0x000002194aa10000] _byte_map_base: 0x000002194a200000

Marking Bits: (ParMarkBitMap*) 0x00007ff8e73231f0
 Begin Bits: [0x000002195d020000, 0x000002195e020000)
 End Bits:   [0x000002195e020000, 0x000002195f020000)

Polling page: 0x000002194a5f0000

Metaspace:

Usage:
  Non-class:     78.16 MB used.
      Class:      8.15 MB used.
       Both:     86.30 MB used.

Virtual space:
  Non-class space:      128.00 MB reserved,      78.94 MB ( 62%) committed,  2 nodes.
      Class space:        1.00 GB reserved,       8.88 MB ( <1%) committed,  1 nodes.
             Both:        1.12 GB reserved,      87.81 MB (  8%) committed. 

Chunk freelists:
   Non-Class:  1.00 MB
       Class:  7.05 MB
        Both:  8.05 MB

MaxMetaspaceSize: unlimited
CompressedClassSpaceSize: 1.00 GB
Initial GC threshold: 21.00 MB
Current GC threshold: 146.19 MB
CDS: on
 - commit_granule_bytes: 65536.
 - commit_granule_words: 8192.
 - virtual_space_node_default_size: 8388608.
 - enlarge_chunks_in_place: 1.
 - use_allocation_guard: 0.


Internal statistics:

num_allocs_failed_limit: 9.
num_arena_births: 1928.
num_arena_deaths: 466.
num_vsnodes_births: 3.
num_vsnodes_deaths: 0.
num_space_committed: 1405.
num_space_uncommitted: 0.
num_chunks_returned_to_freelist: 537.
num_chunks_taken_from_freelist: 6759.
num_chunk_merges: 132.
num_chunk_splits: 3784.
num_chunks_enlarged: 1930.
num_inconsistent_stats: 0.

CodeHeap 'non-profiled nmethods': size=120000Kb used=21384Kb max_used=21384Kb free=98616Kb
 bounds [0x0000021955af0000, 0x0000021956fe0000, 0x000002195d020000]
CodeHeap 'profiled nmethods': size=120000Kb used=28742Kb max_used=39543Kb free=91257Kb
 bounds [0x000002194e020000, 0x0000021950720000, 0x0000021955550000]
CodeHeap 'non-nmethods': size=5760Kb used=1516Kb max_used=1611Kb free=4244Kb
 bounds [0x0000021955550000, 0x00000219557c0000, 0x0000021955af0000]
 total_blobs=13794 nmethods=12959 adapters=736
 compilation: enabled
              stopped_count=0, restarted_count=0
 full_count=0

Compilation events (20 events):
Event: 2738.931 Thread 0x000002196121c660 nmethod 31090 0x0000021956b6f810 code [0x0000021956b6f9c0, 0x0000021956b6fbf8]
Event: 2739.313 Thread 0x000002196121c660 31093       4       org.eclipse.jdt.internal.compiler.lookup.Scope::greaterLowerBound (455 bytes)
Event: 2739.315 Thread 0x0000021961220120 31094       3       org.eclipse.jdt.internal.compiler.ast.AND_AND_Expression::generateOptimizedBoolean (502 bytes)
Event: 2739.316 Thread 0x0000021961220120 nmethod 31094 0x000002194fbad410 code [0x000002194fbad840, 0x000002194fbafbc8]
Event: 2739.336 Thread 0x000002196121c660 nmethod 31093 0x0000021956fcd910 code [0x0000021956fcdb40, 0x0000021956fcea08]
Event: 2739.336 Thread 0x000002196121c660 31095       4       org.eclipse.jdt.internal.compiler.codegen.CodeStream::generateImplicitConversion (652 bytes)
Event: 2739.339 Thread 0x000002196121c660 nmethod 31095 0x0000021956fcf310 code [0x0000021956fcf740, 0x0000021956fcfc60]
Event: 2739.679 Thread 0x0000021961220120 31096       3       org.eclipse.jdt.internal.compiler.codegen.CodeStream::aload_2 (100 bytes)
Event: 2739.679 Thread 0x0000021961220120 nmethod 31096 0x000002194e4f0210 code [0x000002194e4f03e0, 0x000002194e4f0718]
Event: 2739.681 Thread 0x000002196121c660 31097       4       org.eclipse.jdt.internal.corext.dom.GenericVisitor::endVisit (6 bytes)
Event: 2739.681 Thread 0x000002196121c660 nmethod 31097 0x0000021956b6f510 code [0x0000021956b6f6a0, 0x0000021956b6f728]
Event: 2740.071 Thread 0x000002196121c660 31098       4       org.eclipse.jdt.internal.compiler.lookup.Scope::connectTypeVariables (1040 bytes)
Event: 2740.077 Thread 0x0000021961220120 31099       3       org.eclipse.jdt.internal.compiler.ast.NullAnnotationMatching::moreDangerousType (82 bytes)
Event: 2740.078 Thread 0x0000021961220120 nmethod 31099 0x00000219505d4590 code [0x00000219505d47c0, 0x00000219505d4ed0]
Event: 2740.080 Thread 0x0000021961220120 31101       1       org.eclipse.jdt.internal.compiler.impl.DoubleConstant::doubleValue (5 bytes)
Event: 2740.080 Thread 0x0000021961220120 nmethod 31101 0x0000021956b6f190 code [0x0000021956b6f320, 0x0000021956b6f3e8]
Event: 2740.089 Thread 0x000002196121c660 nmethod 31098 0x0000021956fd0010 code [0x0000021956fd02e0, 0x0000021956fd0f68]
Event: 2740.089 Thread 0x000002196121c660 31100   !   4       org.eclipse.jdt.internal.compiler.ast.TypeDeclaration::generateCode (444 bytes)
Event: 2740.097 Thread 0x0000021961220120 31102       3       org.eclipse.jdt.internal.compiler.codegen.CodeStream::aload_1 (100 bytes)
Event: 2740.097 Thread 0x0000021961220120 nmethod 31102 0x00000219505d3e90 code [0x00000219505d4060, 0x00000219505d4398]

GC Heap History (20 events):
Event: 2739.664 GC heap before
{Heap before GC invocations=6182 (full 23):
 PSYoungGen      total 3072K, used 2720K [0x00000000eab00000, 0x00000000eaf00000, 0x0000000100000000)
  eden space 2048K, 100% used [0x00000000eab00000,0x00000000ead00000,0x00000000ead00000)
  from space 1024K, 65% used [0x00000000ead00000,0x00000000eada8000,0x00000000eae00000)
  to   space 1024K, 0% used [0x00000000eae00000,0x00000000eae00000,0x00000000eaf00000)
 ParOldGen       total 354816K, used 354706K [0x00000000c0000000, 0x00000000d5a80000, 0x00000000eab00000)
  object space 354816K, 99% used [0x00000000c0000000,0x00000000d5a64ae8,0x00000000d5a80000)
 Metaspace       used 88375K, committed 89920K, reserved 1179648K
  class space    used 8342K, committed 9088K, reserved 1048576K
}
Event: 2739.665 GC heap after
{Heap after GC invocations=6182 (full 23):
 PSYoungGen      total 2560K, used 378K [0x00000000eab00000, 0x00000000eae80000, 0x0000000100000000)
  eden space 2048K, 0% used [0x00000000eab00000,0x00000000eab00000,0x00000000ead00000)
  from space 512K, 73% used [0x00000000eae00000,0x00000000eae5e900,0x00000000eae80000)
  to   space 512K, 0% used [0x00000000ead80000,0x00000000ead80000,0x00000000eae00000)
 ParOldGen       total 355328K, used 355305K [0x00000000c0000000, 0x00000000d5b00000, 0x00000000eab00000)
  object space 355328K, 99% used [0x00000000c0000000,0x00000000d5afa6e0,0x00000000d5b00000)
 Metaspace       used 88375K, committed 89920K, reserved 1179648K
  class space    used 8342K, committed 9088K, reserved 1048576K
}
Event: 2739.668 GC heap before
{Heap before GC invocations=6183 (full 23):
 PSYoungGen      total 2560K, used 2426K [0x00000000eab00000, 0x00000000eae80000, 0x0000000100000000)
  eden space 2048K, 100% used [0x00000000eab00000,0x00000000ead00000,0x00000000ead00000)
  from space 512K, 73% used [0x00000000eae00000,0x00000000eae5e900,0x00000000eae80000)
  to   space 512K, 0% used [0x00000000ead80000,0x00000000ead80000,0x00000000eae00000)
 ParOldGen       total 355328K, used 355305K [0x00000000c0000000, 0x00000000d5b00000, 0x00000000eab00000)
  object space 355328K, 99% used [0x00000000c0000000,0x00000000d5afa6e0,0x00000000d5b00000)
 Metaspace       used 88375K, committed 89920K, reserved 1179648K
  class space    used 8342K, committed 9088K, reserved 1048576K
}
Event: 2739.669 GC heap after
{Heap after GC invocations=6183 (full 23):
 PSYoungGen      total 2560K, used 512K [0x00000000eab00000, 0x00000000eaf00000, 0x0000000100000000)
  eden space 2048K, 0% used [0x00000000eab00000,0x00000000eab00000,0x00000000ead00000)
  from space 512K, 100% used [0x00000000ead80000,0x00000000eae00000,0x00000000eae00000)
  to   space 1024K, 0% used [0x00000000eae00000,0x00000000eae00000,0x00000000eaf00000)
 ParOldGen       total 355840K, used 355570K [0x00000000c0000000, 0x00000000d5b80000, 0x00000000eab00000)
  object space 355840K, 99% used [0x00000000c0000000,0x00000000d5b3cb90,0x00000000d5b80000)
 Metaspace       used 88375K, committed 89920K, reserved 1179648K
  class space    used 8342K, committed 9088K, reserved 1048576K
}
Event: 2739.674 GC heap before
{Heap before GC invocations=6184 (full 23):
 PSYoungGen      total 2560K, used 2560K [0x00000000eab00000, 0x00000000eaf00000, 0x0000000100000000)
  eden space 2048K, 100% used [0x00000000eab00000,0x00000000ead00000,0x00000000ead00000)
  from space 512K, 100% used [0x00000000ead80000,0x00000000eae00000,0x00000000eae00000)
  to   space 1024K, 0% used [0x00000000eae00000,0x00000000eae00000,0x00000000eaf00000)
 ParOldGen       total 355840K, used 355570K [0x00000000c0000000, 0x00000000d5b80000, 0x00000000eab00000)
  object space 355840K, 99% used [0x00000000c0000000,0x00000000d5b3cb90,0x00000000d5b80000)
 Metaspace       used 88375K, committed 89920K, reserved 1179648K
  class space    used 8342K, committed 9088K, reserved 1048576K
}
Event: 2739.675 GC heap after
{Heap after GC invocations=6184 (full 23):
 PSYoungGen      total 3072K, used 912K [0x00000000eab00000, 0x00000000eaf00000, 0x0000000100000000)
  eden space 2048K, 0% used [0x00000000eab00000,0x00000000eab00000,0x00000000ead00000)
  from space 1024K, 89% used [0x00000000eae00000,0x00000000eaee42f8,0x00000000eaf00000)
  to   space 1024K, 0% used [0x00000000ead00000,0x00000000ead00000,0x00000000eae00000)
 ParOldGen       total 356352K, used 356070K [0x00000000c0000000, 0x00000000d5c00000, 0x00000000eab00000)
  object space 356352K, 99% used [0x00000000c0000000,0x00000000d5bb9a00,0x00000000d5c00000)
 Metaspace       used 88375K, committed 89920K, reserved 1179648K
  class space    used 8342K, committed 9088K, reserved 1048576K
}
Event: 2739.682 GC heap before
{Heap before GC invocations=6185 (full 23):
 PSYoungGen      total 3072K, used 2960K [0x00000000eab00000, 0x00000000eaf00000, 0x0000000100000000)
  eden space 2048K, 100% used [0x00000000eab00000,0x00000000ead00000,0x00000000ead00000)
  from space 1024K, 89% used [0x00000000eae00000,0x00000000eaee42f8,0x00000000eaf00000)
  to   space 1024K, 0% used [0x00000000ead00000,0x00000000ead00000,0x00000000eae00000)
 ParOldGen       total 356352K, used 356070K [0x00000000c0000000, 0x00000000d5c00000, 0x00000000eab00000)
  object space 356352K, 99% used [0x00000000c0000000,0x00000000d5bb9a00,0x00000000d5c00000)
 Metaspace       used 88375K, committed 89920K, reserved 1179648K
  class space    used 8342K, committed 9088K, reserved 1048576K
}
Event: 2739.683 GC heap after
{Heap after GC invocations=6185 (full 23):
 PSYoungGen      total 3072K, used 688K [0x00000000eab00000, 0x00000000eaf00000, 0x0000000100000000)
  eden space 2048K, 0% used [0x00000000eab00000,0x00000000eab00000,0x00000000ead00000)
  from space 1024K, 67% used [0x00000000ead00000,0x00000000eadac3b8,0x00000000eae00000)
  to   space 1024K, 0% used [0x00000000eae00000,0x00000000eae00000,0x00000000eaf00000)
 ParOldGen       total 356864K, used 356809K [0x00000000c0000000, 0x00000000d5c80000, 0x00000000eab00000)
  object space 356864K, 99% used [0x00000000c0000000,0x00000000d5c725b8,0x00000000d5c80000)
 Metaspace       used 88375K, committed 89920K, reserved 1179648K
  class space    used 8342K, committed 9088K, reserved 1048576K
}
Event: 2740.064 GC heap before
{Heap before GC invocations=6186 (full 23):
 PSYoungGen      total 3072K, used 2736K [0x00000000eab00000, 0x00000000eaf00000, 0x0000000100000000)
  eden space 2048K, 99% used [0x00000000eab00000,0x00000000eacfffc0,0x00000000ead00000)
  from space 1024K, 67% used [0x00000000ead00000,0x00000000eadac3b8,0x00000000eae00000)
  to   space 1024K, 0% used [0x00000000eae00000,0x00000000eae00000,0x00000000eaf00000)
 ParOldGen       total 356864K, used 356809K [0x00000000c0000000, 0x00000000d5c80000, 0x00000000eab00000)
  object space 356864K, 99% used [0x00000000c0000000,0x00000000d5c725b8,0x00000000d5c80000)
 Metaspace       used 88375K, committed 89920K, reserved 1179648K
  class space    used 8342K, committed 9088K, reserved 1048576K
}
Event: 2740.065 GC heap after
{Heap after GC invocations=6186 (full 23):
 PSYoungGen      total 2560K, used 256K [0x00000000eab00000, 0x00000000eae80000, 0x0000000100000000)
  eden space 2048K, 0% used [0x00000000eab00000,0x00000000eab00000,0x00000000ead00000)
  from space 512K, 50% used [0x00000000eae00000,0x00000000eae40000,0x00000000eae80000)
  to   space 512K, 0% used [0x00000000ead80000,0x00000000ead80000,0x00000000eae00000)
 ParOldGen       total 357888K, used 357420K [0x00000000c0000000, 0x00000000d5d80000, 0x00000000eab00000)
  object space 357888K, 99% used [0x00000000c0000000,0x00000000d5d0b158,0x00000000d5d80000)
 Metaspace       used 88375K, committed 89920K, reserved 1179648K
  class space    used 8342K, committed 9088K, reserved 1048576K
}
Event: 2740.068 GC heap before
{Heap before GC invocations=6187 (full 23):
 PSYoungGen      total 2560K, used 2304K [0x00000000eab00000, 0x00000000eae80000, 0x0000000100000000)
  eden space 2048K, 100% used [0x00000000eab00000,0x00000000ead00000,0x00000000ead00000)
  from space 512K, 50% used [0x00000000eae00000,0x00000000eae40000,0x00000000eae80000)
  to   space 512K, 0% used [0x00000000ead80000,0x00000000ead80000,0x00000000eae00000)
 ParOldGen       total 357888K, used 357420K [0x00000000c0000000, 0x00000000d5d80000, 0x00000000eab00000)
  object space 357888K, 99% used [0x00000000c0000000,0x00000000d5d0b158,0x00000000d5d80000)
 Metaspace       used 88375K, committed 89920K, reserved 1179648K
  class space    used 8342K, committed 9088K, reserved 1048576K
}
Event: 2740.069 GC heap after
{Heap after GC invocations=6187 (full 23):
 PSYoungGen      total 2560K, used 512K [0x00000000eab00000, 0x00000000eaf00000, 0x0000000100000000)
  eden space 2048K, 0% used [0x00000000eab00000,0x00000000eab00000,0x00000000ead00000)
  from space 512K, 100% used [0x00000000ead80000,0x00000000eae00000,0x00000000eae00000)
  to   space 1024K, 0% used [0x00000000eae00000,0x00000000eae00000,0x00000000eaf00000)
 ParOldGen       total 357888K, used 357595K [0x00000000c0000000, 0x00000000d5d80000, 0x00000000eab00000)
  object space 357888K, 99% used [0x00000000c0000000,0x00000000d5d36d08,0x00000000d5d80000)
 Metaspace       used 88375K, committed 89920K, reserved 1179648K
  class space    used 8342K, committed 9088K, reserved 1048576K
}
Event: 2740.073 GC heap before
{Heap before GC invocations=6188 (full 23):
 PSYoungGen      total 2560K, used 2560K [0x00000000eab00000, 0x00000000eaf00000, 0x0000000100000000)
  eden space 2048K, 100% used [0x00000000eab00000,0x00000000ead00000,0x00000000ead00000)
  from space 512K, 100% used [0x00000000ead80000,0x00000000eae00000,0x00000000eae00000)
  to   space 1024K, 0% used [0x00000000eae00000,0x00000000eae00000,0x00000000eaf00000)
 ParOldGen       total 357888K, used 357595K [0x00000000c0000000, 0x00000000d5d80000, 0x00000000eab00000)
  object space 357888K, 99% used [0x00000000c0000000,0x00000000d5d36d08,0x00000000d5d80000)
 Metaspace       used 88375K, committed 89920K, reserved 1179648K
  class space    used 8342K, committed 9088K, reserved 1048576K
}
Event: 2740.075 GC heap after
{Heap after GC invocations=6188 (full 23):
 PSYoungGen      total 3072K, used 816K [0x00000000eab00000, 0x00000000eaf00000, 0x0000000100000000)
  eden space 2048K, 0% used [0x00000000eab00000,0x00000000eab00000,0x00000000ead00000)
  from space 1024K, 79% used [0x00000000eae00000,0x00000000eaecc2f8,0x00000000eaf00000)
  to   space 1024K, 0% used [0x00000000ead00000,0x00000000ead00000,0x00000000eae00000)
 ParOldGen       total 358400K, used 358095K [0x00000000c0000000, 0x00000000d5e00000, 0x00000000eab00000)
  object space 358400K, 99% used [0x00000000c0000000,0x00000000d5db3fc8,0x00000000d5e00000)
 Metaspace       used 88375K, committed 89920K, reserved 1179648K
  class space    used 8342K, committed 9088K, reserved 1048576K
}
Event: 2740.082 GC heap before
{Heap before GC invocations=6189 (full 23):
 PSYoungGen      total 3072K, used 2864K [0x00000000eab00000, 0x00000000eaf00000, 0x0000000100000000)
  eden space 2048K, 100% used [0x00000000eab00000,0x00000000ead00000,0x00000000ead00000)
  from space 1024K, 79% used [0x00000000eae00000,0x00000000eaecc2f8,0x00000000eaf00000)
  to   space 1024K, 0% used [0x00000000ead00000,0x00000000ead00000,0x00000000eae00000)
 ParOldGen       total 358400K, used 358095K [0x00000000c0000000, 0x00000000d5e00000, 0x00000000eab00000)
  object space 358400K, 99% used [0x00000000c0000000,0x00000000d5db3fc8,0x00000000d5e00000)
 Metaspace       used 88375K, committed 89920K, reserved 1179648K
  class space    used 8342K, committed 9088K, reserved 1048576K
}
Event: 2740.083 GC heap after
{Heap after GC invocations=6189 (full 23):
 PSYoungGen      total 3072K, used 736K [0x00000000eab00000, 0x00000000eaf00000, 0x0000000100000000)
  eden space 2048K, 0% used [0x00000000eab00000,0x00000000eab00000,0x00000000ead00000)
  from space 1024K, 71% used [0x00000000ead00000,0x00000000eadb8000,0x00000000eae00000)
  to   space 1024K, 0% used [0x00000000eae00000,0x00000000eae00000,0x00000000eaf00000)
 ParOldGen       total 358912K, used 358792K [0x00000000c0000000, 0x00000000d5e80000, 0x00000000eab00000)
  object space 358912K, 99% used [0x00000000c0000000,0x00000000d5e622c0,0x00000000d5e80000)
 Metaspace       used 88375K, committed 89920K, reserved 1179648K
  class space    used 8342K, committed 9088K, reserved 1048576K
}
Event: 2740.087 GC heap before
{Heap before GC invocations=6190 (full 23):
 PSYoungGen      total 3072K, used 2784K [0x00000000eab00000, 0x00000000eaf00000, 0x0000000100000000)
  eden space 2048K, 100% used [0x00000000eab00000,0x00000000ead00000,0x00000000ead00000)
  from space 1024K, 71% used [0x00000000ead00000,0x00000000eadb8000,0x00000000eae00000)
  to   space 1024K, 0% used [0x00000000eae00000,0x00000000eae00000,0x00000000eaf00000)
 ParOldGen       total 358912K, used 358792K [0x00000000c0000000, 0x00000000d5e80000, 0x00000000eab00000)
  object space 358912K, 99% used [0x00000000c0000000,0x00000000d5e622c0,0x00000000d5e80000)
 Metaspace       used 88375K, committed 89920K, reserved 1179648K
  class space    used 8342K, committed 9088K, reserved 1048576K
}
Event: 2740.088 GC heap after
{Heap after GC invocations=6190 (full 23):
 PSYoungGen      total 3072K, used 640K [0x00000000eab00000, 0x00000000eaf80000, 0x0000000100000000)
  eden space 2048K, 0% used [0x00000000eab00000,0x00000000eab00000,0x00000000ead00000)
  from space 1024K, 62% used [0x00000000eae00000,0x00000000eaea0000,0x00000000eaf00000)
  to   space 1024K, 0% used [0x00000000ead00000,0x00000000ead00000,0x00000000eae00000)
 ParOldGen       total 359424K, used 359330K [0x00000000c0000000, 0x00000000d5f00000, 0x00000000eab00000)
  object space 359424K, 99% used [0x00000000c0000000,0x00000000d5ee8960,0x00000000d5f00000)
 Metaspace       used 88375K, committed 89920K, reserved 1179648K
  class space    used 8342K, committed 9088K, reserved 1048576K
}
Event: 2740.094 GC heap before
{Heap before GC invocations=6191 (full 23):
 PSYoungGen      total 3072K, used 2687K [0x00000000eab00000, 0x00000000eaf80000, 0x0000000100000000)
  eden space 2048K, 99% used [0x00000000eab00000,0x00000000eacffe98,0x00000000ead00000)
  from space 1024K, 62% used [0x00000000eae00000,0x00000000eaea0000,0x00000000eaf00000)
  to   space 1024K, 0% used [0x00000000ead00000,0x00000000ead00000,0x00000000eae00000)
 ParOldGen       total 359424K, used 359330K [0x00000000c0000000, 0x00000000d5f00000, 0x00000000eab00000)
  object space 359424K, 99% used [0x00000000c0000000,0x00000000d5ee8960,0x00000000d5f00000)
 Metaspace       used 88375K, committed 89920K, reserved 1179648K
  class space    used 8342K, committed 9088K, reserved 1048576K
}
Event: 2740.095 GC heap after
{Heap after GC invocations=6191 (full 23):
 PSYoungGen      total 3072K, used 912K [0x00000000eab00000, 0x00000000eaf00000, 0x0000000100000000)
  eden space 2048K, 0% used [0x00000000eab00000,0x00000000eab00000,0x00000000ead00000)
  from space 1024K, 89% used [0x00000000ead00000,0x00000000eade42f8,0x00000000eae00000)
  to   space 1024K, 0% used [0x00000000eae00000,0x00000000eae00000,0x00000000eaf00000)
 ParOldGen       total 359936K, used 359874K [0x00000000c0000000, 0x00000000d5f80000, 0x00000000eab00000)
  object space 359936K, 99% used [0x00000000c0000000,0x00000000d5f70980,0x00000000d5f80000)
 Metaspace       used 88375K, committed 89920K, reserved 1179648K
  class space    used 8342K, committed 9088K, reserved 1048576K
}

Dll operation events (12 events):
Event: 0.011 Loaded shared library c:\Users\Joni\.cursor\extensions\redhat.java-1.42.0-win32-x64\jre\21.0.7-win32-x86_64\bin\java.dll
Event: 0.109 Loaded shared library c:\Users\Joni\.cursor\extensions\redhat.java-1.42.0-win32-x64\jre\21.0.7-win32-x86_64\bin\zip.dll
Event: 0.126 Loaded shared library C:\Users\Joni\.cursor\extensions\redhat.java-1.42.0-win32-x64\jre\21.0.7-win32-x86_64\bin\instrument.dll
Event: 0.131 Loaded shared library C:\Users\Joni\.cursor\extensions\redhat.java-1.42.0-win32-x64\jre\21.0.7-win32-x86_64\bin\net.dll
Event: 0.132 Loaded shared library C:\Users\Joni\.cursor\extensions\redhat.java-1.42.0-win32-x64\jre\21.0.7-win32-x86_64\bin\nio.dll
Event: 0.136 Loaded shared library C:\Users\Joni\.cursor\extensions\redhat.java-1.42.0-win32-x64\jre\21.0.7-win32-x86_64\bin\zip.dll
Event: 0.155 Loaded shared library C:\Users\Joni\.cursor\extensions\redhat.java-1.42.0-win32-x64\jre\21.0.7-win32-x86_64\bin\jimage.dll
Event: 0.257 Loaded shared library c:\Users\Joni\.cursor\extensions\redhat.java-1.42.0-win32-x64\jre\21.0.7-win32-x86_64\bin\verify.dll
Event: 1.199 Loaded shared library C:\Users\Joni\AppData\Roaming\Cursor\User\globalStorage\redhat.java\1.42.0\config_win\org.eclipse.equinox.launcher\org.eclipse.equinox.launcher.win32.win32.x86_64_1.2.1300.v20250331-1702\eclipse_11911.dll
Event: 2.822 Loaded shared library C:\Users\Joni\AppData\Local\Temp\jna-2314720\jna14394900658755121414.dll
Event: 1856.329 Loaded shared library C:\Users\Joni\.cursor\extensions\redhat.java-1.42.0-win32-x64\jre\21.0.7-win32-x86_64\bin\sunmscapi.dll
Event: 1856.371 Loaded shared library C:\Users\Joni\.cursor\extensions\redhat.java-1.42.0-win32-x64\jre\21.0.7-win32-x86_64\bin\extnet.dll

Deoptimization events (20 events):
Event: 2734.750 Thread 0x00000219677f6bc0 Uncommon trap: trap_request=0xffffffc6 fr.pc=0x0000021956607340 relative=0x0000000000000260
Event: 2734.750 Thread 0x00000219677f6bc0 Uncommon trap: reason=bimorphic_or_optimized_type_check action=maybe_recompile pc=0x0000021956607340 method=org.eclipse.jdt.core.dom.TypeBinding.isEqualTo(Lorg/eclipse/jdt/core/dom/IBinding;)Z @ 31 c2
Event: 2734.750 Thread 0x00000219677f6bc0 DEOPT PACKING pc=0x0000021956607340 sp=0x000000aa0ebfe900
Event: 2734.750 Thread 0x00000219677f6bc0 DEOPT UNPACKING pc=0x00000219555a3aa2 sp=0x000000aa0ebfe898 mode 2
Event: 2734.750 Thread 0x00000219677f6bc0 Uncommon trap: trap_request=0xffffffc6 fr.pc=0x0000021956607340 relative=0x0000000000000260
Event: 2734.750 Thread 0x00000219677f6bc0 Uncommon trap: reason=bimorphic_or_optimized_type_check action=maybe_recompile pc=0x0000021956607340 method=org.eclipse.jdt.core.dom.TypeBinding.isEqualTo(Lorg/eclipse/jdt/core/dom/IBinding;)Z @ 31 c2
Event: 2734.750 Thread 0x00000219677f6bc0 DEOPT PACKING pc=0x0000021956607340 sp=0x000000aa0ebfe950
Event: 2734.750 Thread 0x00000219677f6bc0 DEOPT UNPACKING pc=0x00000219555a3aa2 sp=0x000000aa0ebfe8e8 mode 2
Event: 2734.750 Thread 0x00000219677f6bc0 Uncommon trap: trap_request=0xffffffc6 fr.pc=0x0000021956607340 relative=0x0000000000000260
Event: 2734.750 Thread 0x00000219677f6bc0 Uncommon trap: reason=bimorphic_or_optimized_type_check action=maybe_recompile pc=0x0000021956607340 method=org.eclipse.jdt.core.dom.TypeBinding.isEqualTo(Lorg/eclipse/jdt/core/dom/IBinding;)Z @ 31 c2
Event: 2734.750 Thread 0x00000219677f6bc0 DEOPT PACKING pc=0x0000021956607340 sp=0x000000aa0ebfe900
Event: 2734.750 Thread 0x00000219677f6bc0 DEOPT UNPACKING pc=0x00000219555a3aa2 sp=0x000000aa0ebfe898 mode 2
Event: 2734.750 Thread 0x00000219677f6bc0 Uncommon trap: trap_request=0xffffffc6 fr.pc=0x0000021956607340 relative=0x0000000000000260
Event: 2734.750 Thread 0x00000219677f6bc0 Uncommon trap: reason=bimorphic_or_optimized_type_check action=maybe_recompile pc=0x0000021956607340 method=org.eclipse.jdt.core.dom.TypeBinding.isEqualTo(Lorg/eclipse/jdt/core/dom/IBinding;)Z @ 31 c2
Event: 2734.750 Thread 0x00000219677f6bc0 DEOPT PACKING pc=0x0000021956607340 sp=0x000000aa0ebfe950
Event: 2734.750 Thread 0x00000219677f6bc0 DEOPT UNPACKING pc=0x00000219555a3aa2 sp=0x000000aa0ebfe8e8 mode 2
Event: 2738.917 Thread 0x00000219677f6bc0 Uncommon trap: trap_request=0xffffff45 fr.pc=0x0000021956e2b984 relative=0x0000000000000b64
Event: 2738.917 Thread 0x00000219677f6bc0 Uncommon trap: reason=unstable_if action=reinterpret pc=0x0000021956e2b984 method=org.eclipse.jdt.internal.compiler.codegen.CodeStream.aload_2()V @ 64 c2
Event: 2738.917 Thread 0x00000219677f6bc0 DEOPT PACKING pc=0x0000021956e2b984 sp=0x000000aa0ebfdf30
Event: 2738.917 Thread 0x00000219677f6bc0 DEOPT UNPACKING pc=0x00000219555a3aa2 sp=0x000000aa0ebfde90 mode 2

Classes loaded (20 events):
Event: 1856.377 Loading class java/nio/channels/Pipe$SinkChannel done
Event: 1856.377 Loading class sun/nio/ch/SinkChannelImpl done
Event: 1856.380 Loading class java/nio/channels/spi/AbstractSelector$1
Event: 1856.380 Loading class java/nio/channels/spi/AbstractSelector$1 done
Event: 1870.867 Loading class java/util/Collections$EmptyListIterator
Event: 1870.867 Loading class java/util/Collections$EmptyListIterator done
Event: 1994.409 Loading class java/util/LinkedList$LLSpliterator
Event: 1994.409 Loading class java/util/LinkedList$LLSpliterator done
Event: 1994.412 Loading class java/util/concurrent/ConcurrentSkipListMap$KeySet
Event: 1994.413 Loading class java/util/concurrent/ConcurrentSkipListMap$KeySet done
Event: 1994.413 Loading class java/util/concurrent/ConcurrentSkipListMap$KeyIterator
Event: 1994.413 Loading class java/util/concurrent/ConcurrentSkipListMap$Iter
Event: 1994.413 Loading class java/util/concurrent/ConcurrentSkipListMap$Iter done
Event: 1994.413 Loading class java/util/concurrent/ConcurrentSkipListMap$KeyIterator done
Event: 2096.415 Loading class java/util/stream/SliceOps
Event: 2096.415 Loading class java/util/stream/SliceOps done
Event: 2096.416 Loading class java/util/stream/SliceOps$1
Event: 2096.416 Loading class java/util/stream/SliceOps$1 done
Event: 2096.417 Loading class java/util/stream/SliceOps$1$1
Event: 2096.417 Loading class java/util/stream/SliceOps$1$1 done

Classes unloaded (20 events):
Event: 1495.332 Thread 0x000002194aee48a0 Unloading class 0x0000021901081000 'java/lang/invoke/LambdaForm$MH+0x0000021901081000'
Event: 1495.332 Thread 0x000002194aee48a0 Unloading class 0x0000021901080800 'java/lang/invoke/LambdaForm$MH+0x0000021901080800'
Event: 1495.332 Thread 0x000002194aee48a0 Unloading class 0x0000021901080400 'java/lang/invoke/LambdaForm$MH+0x0000021901080400'
Event: 1495.332 Thread 0x000002194aee48a0 Unloading class 0x0000021901080000 'java/lang/invoke/LambdaForm$MH+0x0000021901080000'
Event: 1495.332 Thread 0x000002194aee48a0 Unloading class 0x0000021901019400 'java/lang/invoke/LambdaForm$MH+0x0000021901019400'
Event: 1495.332 Thread 0x000002194aee48a0 Unloading class 0x0000021901018400 'java/lang/invoke/LambdaForm$MH+0x0000021901018400'
Event: 1495.332 Thread 0x000002194aee48a0 Unloading class 0x0000021901018000 'java/lang/invoke/LambdaForm$MH+0x0000021901018000'
Event: 1495.332 Thread 0x000002194aee48a0 Unloading class 0x0000021901017400 'java/lang/invoke/LambdaForm$MH+0x0000021901017400'
Event: 1495.332 Thread 0x000002194aee48a0 Unloading class 0x0000021901016400 'java/lang/invoke/LambdaForm$MH+0x0000021901016400'
Event: 1495.332 Thread 0x000002194aee48a0 Unloading class 0x0000021901000400 'java/lang/invoke/LambdaForm$MH+0x0000021901000400'
Event: 1743.567 Thread 0x000002194aee48a0 Unloading class 0x0000021901862800 'java/lang/invoke/LambdaForm$MH+0x0000021901862800'
Event: 1743.567 Thread 0x000002194aee48a0 Unloading class 0x0000021901862400 'java/lang/invoke/LambdaForm$MH+0x0000021901862400'
Event: 1743.567 Thread 0x000002194aee48a0 Unloading class 0x0000021901861c00 'java/lang/invoke/LambdaForm$MH+0x0000021901861c00'
Event: 1743.567 Thread 0x000002194aee48a0 Unloading class 0x0000021901014800 'java/lang/invoke/LambdaForm$MH+0x0000021901014800'
Event: 2157.615 Thread 0x000002194aee48a0 Unloading class 0x00000219011d9800 'java/lang/invoke/LambdaForm$MH+0x00000219011d9800'
Event: 2322.174 Thread 0x000002194aee48a0 Unloading class 0x00000219011d8400 'java/lang/invoke/LambdaForm$BMH+0x00000219011d8400'
Event: 2386.939 Thread 0x000002194aee48a0 Unloading class 0x000002190101f800 'java/lang/invoke/LambdaForm$MH+0x000002190101f800'
Event: 2386.940 Thread 0x000002194aee48a0 Unloading class 0x000002190101e800 'java/lang/invoke/LambdaForm$MH+0x000002190101e800'
Event: 2386.940 Thread 0x000002194aee48a0 Unloading class 0x000002190101e400 'java/lang/invoke/LambdaForm$MH+0x000002190101e400'
Event: 2386.940 Thread 0x000002194aee48a0 Unloading class 0x000002190101dc00 'java/lang/invoke/LambdaForm$MH+0x000002190101dc00'

Classes redefined (0 events):
No events

Internal exceptions (20 events):
Event: 2418.146 Thread 0x00000219661d1c90 Exception <a 'sun/nio/fs/WindowsException'{0x00000000eab0e6e8}> (0x00000000eab0e6e8) 
thrown [s\src\hotspot\share\prims\jni.cpp, line 520]
Event: 2418.161 Thread 0x0000021961b49460 Implicit null exception at 0x0000021955c3d413 to 0x0000021955c3ee50
Event: 2430.827 Thread 0x0000021961b4c8e0 Implicit null exception at 0x000002195691f320 to 0x0000021956920a18
Event: 2431.406 Thread 0x00000219661d1c90 Exception <a 'sun/nio/fs/WindowsException'{0x00000000eac27070}> (0x00000000eac27070) 
thrown [s\src\hotspot\share\prims\jni.cpp, line 520]
Event: 2431.514 Thread 0x00000219661d1c90 Exception <a 'sun/nio/fs/WindowsException'{0x00000000eabd5700}> (0x00000000eabd5700) 
thrown [s\src\hotspot\share\prims\jni.cpp, line 520]
Event: 2449.663 Thread 0x00000219661d1c90 Exception <a 'sun/nio/fs/WindowsException'{0x00000000eabcbbe0}> (0x00000000eabcbbe0) 
thrown [s\src\hotspot\share\prims\jni.cpp, line 520]
Event: 2449.792 Thread 0x00000219661d1c90 Exception <a 'sun/nio/fs/WindowsException'{0x00000000eacab568}> (0x00000000eacab568) 
thrown [s\src\hotspot\share\prims\jni.cpp, line 520]
Event: 2479.210 Thread 0x00000219661d1c90 Exception <a 'sun/nio/fs/WindowsException'{0x00000000eae274b0}> (0x00000000eae274b0) 
thrown [s\src\hotspot\share\prims\jni.cpp, line 520]
Event: 2479.316 Thread 0x00000219661d1c90 Exception <a 'sun/nio/fs/WindowsException'{0x00000000eab8f578}> (0x00000000eab8f578) 
thrown [s\src\hotspot\share\prims\jni.cpp, line 520]
Event: 2488.260 Thread 0x00000219661d1c90 Exception <a 'sun/nio/fs/WindowsException'{0x00000000eac63a98}> (0x00000000eac63a98) 
thrown [s\src\hotspot\share\prims\jni.cpp, line 520]
Event: 2488.389 Thread 0x00000219661d1c90 Exception <a 'sun/nio/fs/WindowsException'{0x00000000eadec568}> (0x00000000eadec568) 
thrown [s\src\hotspot\share\prims\jni.cpp, line 520]
Event: 2490.667 Thread 0x0000021961b4c8e0 Implicit null exception at 0x0000021955dfc1c3 to 0x0000021955dfc724
Event: 2490.667 Thread 0x0000021961b4c8e0 Implicit null exception at 0x00000219560233d6 to 0x00000219560250b4
Event: 2490.764 Thread 0x00000219661d1c90 Exception <a 'sun/nio/fs/WindowsException'{0x00000000eafe0c58}> (0x00000000eafe0c58) 
thrown [s\src\hotspot\share\prims\jni.cpp, line 520]
Event: 2490.938 Thread 0x00000219661d1c90 Exception <a 'sun/nio/fs/WindowsException'{0x00000000eb05ce68}> (0x00000000eb05ce68) 
thrown [s\src\hotspot\share\prims\jni.cpp, line 520]
Event: 2504.475 Thread 0x00000219661d1c90 Exception <a 'sun/nio/fs/WindowsException'{0x00000000ead52dd0}> (0x00000000ead52dd0) 
thrown [s\src\hotspot\share\prims\jni.cpp, line 520]
Event: 2504.608 Thread 0x00000219661d1c90 Exception <a 'sun/nio/fs/WindowsException'{0x00000000eab7fde8}> (0x00000000eab7fde8) 
thrown [s\src\hotspot\share\prims\jni.cpp, line 520]
Event: 2731.856 Thread 0x00000219677f6bc0 Implicit null exception at 0x0000021955ef9c56 to 0x0000021955efa954
Event: 2735.267 Thread 0x00000219661d1c90 Exception <a 'sun/nio/fs/WindowsException'{0x00000000eab9ec38}> (0x00000000eab9ec38) 
thrown [s\src\hotspot\share\prims\jni.cpp, line 520]
Event: 2735.430 Thread 0x00000219661d1c90 Exception <a 'sun/nio/fs/WindowsException'{0x00000000eab7cde0}> (0x00000000eab7cde0) 
thrown [s\src\hotspot\share\prims\jni.cpp, line 520]

ZGC Phase Switch (0 events):
No events

VM Operations (20 events):
Event: 2739.664 Executing VM operation: ParallelGCFailedAllocation (Allocation Failure)
Event: 2739.665 Executing VM operation: ParallelGCFailedAllocation (Allocation Failure) done
Event: 2739.668 Executing VM operation: ParallelGCFailedAllocation (Allocation Failure)
Event: 2739.669 Executing VM operation: ParallelGCFailedAllocation (Allocation Failure) done
Event: 2739.674 Executing VM operation: ParallelGCFailedAllocation (Allocation Failure)
Event: 2739.675 Executing VM operation: ParallelGCFailedAllocation (Allocation Failure) done
Event: 2739.682 Executing VM operation: ParallelGCFailedAllocation (Allocation Failure)
Event: 2739.683 Executing VM operation: ParallelGCFailedAllocation (Allocation Failure) done
Event: 2740.064 Executing VM operation: ParallelGCFailedAllocation (Allocation Failure)
Event: 2740.065 Executing VM operation: ParallelGCFailedAllocation (Allocation Failure) done
Event: 2740.068 Executing VM operation: ParallelGCFailedAllocation (Allocation Failure)
Event: 2740.069 Executing VM operation: ParallelGCFailedAllocation (Allocation Failure) done
Event: 2740.073 Executing VM operation: ParallelGCFailedAllocation (Allocation Failure)
Event: 2740.075 Executing VM operation: ParallelGCFailedAllocation (Allocation Failure) done
Event: 2740.082 Executing VM operation: ParallelGCFailedAllocation (Allocation Failure)
Event: 2740.083 Executing VM operation: ParallelGCFailedAllocation (Allocation Failure) done
Event: 2740.087 Executing VM operation: ParallelGCFailedAllocation (Allocation Failure)
Event: 2740.088 Executing VM operation: ParallelGCFailedAllocation (Allocation Failure) done
Event: 2740.094 Executing VM operation: ParallelGCFailedAllocation (Allocation Failure)
Event: 2740.096 Executing VM operation: ParallelGCFailedAllocation (Allocation Failure) done

Memory protections (0 events):
No events

Nmethod flushes (20 events):
Event: 2490.997 Thread 0x000002194aee48a0 flushing  nmethod 0x0000021950152790
Event: 2490.997 Thread 0x000002194aee48a0 flushing  nmethod 0x0000021950163e90
Event: 2490.997 Thread 0x000002194aee48a0 flushing  nmethod 0x0000021950191190
Event: 2490.997 Thread 0x000002194aee48a0 flushing  nmethod 0x00000219501ec410
Event: 2490.997 Thread 0x000002194aee48a0 flushing  nmethod 0x00000219501efa10
Event: 2490.997 Thread 0x000002194aee48a0 flushing  nmethod 0x0000021950235210
Event: 2490.997 Thread 0x000002194aee48a0 flushing  nmethod 0x0000021950248890
Event: 2490.997 Thread 0x000002194aee48a0 flushing  nmethod 0x000002195026b410
Event: 2490.997 Thread 0x000002194aee48a0 flushing  nmethod 0x00000219503b3790
Event: 2490.997 Thread 0x000002194aee48a0 flushing  nmethod 0x0000021950438f90
Event: 2490.997 Thread 0x000002194aee48a0 flushing  nmethod 0x0000021950535110
Event: 2490.997 Thread 0x000002194aee48a0 flushing  nmethod 0x00000219505ddc10
Event: 2490.997 Thread 0x000002194aee48a0 flushing  nmethod 0x00000219505e7310
Event: 2490.997 Thread 0x000002194aee48a0 flushing  nmethod 0x00000219505fb990
Event: 2490.997 Thread 0x000002194aee48a0 flushing  nmethod 0x0000021950608a90
Event: 2490.997 Thread 0x000002194aee48a0 flushing  nmethod 0x0000021950653610
Event: 2490.997 Thread 0x000002194aee48a0 flushing  nmethod 0x0000021950683210
Event: 2490.997 Thread 0x000002194aee48a0 flushing  nmethod 0x000002195068b910
Event: 2490.997 Thread 0x000002194aee48a0 flushing  nmethod 0x0000021950692f10
Event: 2490.997 Thread 0x000002194aee48a0 flushing  nmethod 0x00000219506b7a10

Events (20 events):
Event: 2505.271 Thread 0x000002196121c660 Thread added: 0x00000219617a8a30
Event: 2505.695 Thread 0x00000219617a8a30 Thread exited: 0x00000219617a8a30
Event: 2505.725 Thread 0x0000021961220120 Thread added: 0x0000021968eb4b70
Event: 2510.765 Thread 0x0000021968eb4b70 Thread exited: 0x0000021968eb4b70
Event: 2565.703 Thread 0x0000021961b49460 Thread exited: 0x0000021961b49460
Event: 2584.372 Thread 0x0000021969a818b0 Thread exited: 0x0000021969a818b0
Event: 2584.403 Thread 0x00000219677f6530 Thread exited: 0x00000219677f6530
Event: 2595.161 Thread 0x00000219677f4af0 Thread exited: 0x00000219677f4af0
Event: 2655.167 Thread 0x0000021961b4a180 Thread exited: 0x0000021961b4a180
Event: 2666.309 Thread 0x0000021961b503f0 Thread added: 0x0000021969a80500
Event: 2666.310 Thread 0x0000021969a80500 Thread exited: 0x0000021969a80500
Event: 2718.151 Thread 0x00000219677f1670 Thread exited: 0x00000219677f1670
Event: 2718.151 Thread 0x00000219677f2a20 Thread exited: 0x00000219677f2a20
Event: 2718.151 Thread 0x0000021968a63600 Thread exited: 0x0000021968a63600
Event: 2724.677 Thread 0x0000021961b503f0 Thread added: 0x0000021969a818b0
Event: 2730.922 Thread 0x0000021968a60180 Thread added: 0x0000021969a7c9f0
Event: 2730.922 Thread 0x00000219677f3dd0 Thread added: 0x0000021969a825d0
Event: 2731.523 Thread 0x0000021968a649b0 Thread exited: 0x0000021968a649b0
Event: 2735.384 Thread 0x0000021961b503f0 Thread added: 0x0000021969a7bcd0
Event: 2735.398 Thread 0x0000021961b503f0 Thread added: 0x0000021969a7c360


Dynamic libraries:
0x00007ff611de0000 - 0x00007ff611dee000 	c:\Users\Joni\.cursor\extensions\redhat.java-1.42.0-win32-x64\jre\21.0.7-win32-x86_64\bin\java.exe
0x00007ff975790000 - 0x00007ff975988000 	C:\WINDOWS\SYSTEM32\ntdll.dll
0x00007ff974180000 - 0x00007ff974242000 	C:\WINDOWS\System32\KERNEL32.DLL
0x00007ff973200000 - 0x00007ff9734f6000 	C:\WINDOWS\System32\KERNELBASE.dll
0x00007ff9736b0000 - 0x00007ff9737b0000 	C:\WINDOWS\System32\ucrtbase.dll
0x00007ff94d900000 - 0x00007ff94d918000 	c:\Users\Joni\.cursor\extensions\redhat.java-1.42.0-win32-x64\jre\21.0.7-win32-x86_64\bin\jli.dll
0x00007ff949df0000 - 0x00007ff949e0e000 	c:\Users\Joni\.cursor\extensions\redhat.java-1.42.0-win32-x64\jre\21.0.7-win32-x86_64\bin\VCRUNTIME140.dll
0x00007ff973e80000 - 0x00007ff97401d000 	C:\WINDOWS\System32\USER32.dll
0x00007ff962e90000 - 0x00007ff96312a000 	C:\WINDOWS\WinSxS\amd64_microsoft.windows.common-controls_6595b64144ccf1df_6.0.19041.5915_none_60b4b9d171f9c7c7\COMCTL32.dll
0x00007ff973140000 - 0x00007ff973162000 	C:\WINDOWS\System32\win32u.dll
0x00007ff974aa0000 - 0x00007ff974acb000 	C:\WINDOWS\System32\GDI32.dll
0x00007ff974ad0000 - 0x00007ff974b6e000 	C:\WINDOWS\System32\msvcrt.dll
0x00007ff973020000 - 0x00007ff973139000 	C:\WINDOWS\System32\gdi32full.dll
0x00007ff972f80000 - 0x00007ff97301d000 	C:\WINDOWS\System32\msvcp_win.dll
0x00007ff975440000 - 0x00007ff97546f000 	C:\WINDOWS\System32\IMM32.DLL
0x00007ff96b390000 - 0x00007ff96b39c000 	c:\Users\Joni\.cursor\extensions\redhat.java-1.42.0-win32-x64\jre\21.0.7-win32-x86_64\bin\vcruntime140_1.dll
0x00007ff92cfa0000 - 0x00007ff92d02d000 	c:\Users\Joni\.cursor\extensions\redhat.java-1.42.0-win32-x64\jre\21.0.7-win32-x86_64\bin\msvcp140.dll
0x00007ff8e6670000 - 0x00007ff8e7400000 	c:\Users\Joni\.cursor\extensions\redhat.java-1.42.0-win32-x64\jre\21.0.7-win32-x86_64\bin\server\jvm.dll
0x00007ff9737b0000 - 0x00007ff973861000 	C:\WINDOWS\System32\ADVAPI32.dll
0x00007ff974020000 - 0x00007ff9740bf000 	C:\WINDOWS\System32\sechost.dll
0x00007ff973c90000 - 0x00007ff973db3000 	C:\WINDOWS\System32\RPCRT4.dll
0x00007ff973680000 - 0x00007ff9736a7000 	C:\WINDOWS\System32\bcrypt.dll
0x00007ff973c00000 - 0x00007ff973c6b000 	C:\WINDOWS\System32\WS2_32.dll
0x00007ff972970000 - 0x00007ff9729bb000 	C:\WINDOWS\SYSTEM32\POWRPROF.dll
0x00007ff96fb40000 - 0x00007ff96fb4a000 	C:\WINDOWS\SYSTEM32\VERSION.dll
0x00007ff96d490000 - 0x00007ff96d4b7000 	C:\WINDOWS\SYSTEM32\WINMM.dll
0x00007ff972820000 - 0x00007ff972832000 	C:\WINDOWS\SYSTEM32\UMPDC.dll
0x00007ff971650000 - 0x00007ff971662000 	C:\WINDOWS\SYSTEM32\kernel.appcore.dll
0x00007ff962b50000 - 0x00007ff962b5a000 	c:\Users\Joni\.cursor\extensions\redhat.java-1.42.0-win32-x64\jre\21.0.7-win32-x86_64\bin\jimage.dll
0x00007ff970ac0000 - 0x00007ff970cc1000 	C:\WINDOWS\SYSTEM32\DBGHELP.DLL
0x00007ff96bae0000 - 0x00007ff96bb14000 	C:\WINDOWS\SYSTEM32\dbgcore.DLL
0x00007ff973170000 - 0x00007ff9731f2000 	C:\WINDOWS\System32\bcryptPrimitives.dll
0x00007ff962760000 - 0x00007ff96276f000 	c:\Users\Joni\.cursor\extensions\redhat.java-1.42.0-win32-x64\jre\21.0.7-win32-x86_64\bin\instrument.dll
0x00007ff949810000 - 0x00007ff94982f000 	c:\Users\Joni\.cursor\extensions\redhat.java-1.42.0-win32-x64\jre\21.0.7-win32-x86_64\bin\java.dll
0x00007ff974c00000 - 0x00007ff97536e000 	C:\WINDOWS\System32\SHELL32.dll
0x00007ff970cd0000 - 0x00007ff971474000 	C:\WINDOWS\SYSTEM32\windows.storage.dll
0x00007ff974270000 - 0x00007ff9745c3000 	C:\WINDOWS\System32\combase.dll
0x00007ff972700000 - 0x00007ff97272b000 	C:\WINDOWS\SYSTEM32\Wldp.dll
0x00007ff975370000 - 0x00007ff97543d000 	C:\WINDOWS\System32\OLEAUT32.dll
0x00007ff9754f0000 - 0x00007ff97559d000 	C:\WINDOWS\System32\SHCORE.dll
0x00007ff973dc0000 - 0x00007ff973e1b000 	C:\WINDOWS\System32\shlwapi.dll
0x00007ff972d50000 - 0x00007ff972d75000 	C:\WINDOWS\SYSTEM32\profapi.dll
0x00007ff949590000 - 0x00007ff9495a8000 	c:\Users\Joni\.cursor\extensions\redhat.java-1.42.0-win32-x64\jre\21.0.7-win32-x86_64\bin\zip.dll
0x00007ff961690000 - 0x00007ff9616a0000 	C:\Users\Joni\.cursor\extensions\redhat.java-1.42.0-win32-x64\jre\21.0.7-win32-x86_64\bin\net.dll
0x00007ff96c450000 - 0x00007ff96c55a000 	C:\WINDOWS\SYSTEM32\WINHTTP.dll
0x00007ff972480000 - 0x00007ff9724ea000 	C:\WINDOWS\system32\mswsock.dll
0x00007ff9476f0000 - 0x00007ff947706000 	C:\Users\Joni\.cursor\extensions\redhat.java-1.42.0-win32-x64\jre\21.0.7-win32-x86_64\bin\nio.dll
0x00007ff95c040000 - 0x00007ff95c050000 	c:\Users\Joni\.cursor\extensions\redhat.java-1.42.0-win32-x64\jre\21.0.7-win32-x86_64\bin\verify.dll
0x00007ff94ced0000 - 0x00007ff94cf15000 	C:\Users\Joni\AppData\Roaming\Cursor\User\globalStorage\redhat.java\1.42.0\config_win\org.eclipse.equinox.launcher\org.eclipse.equinox.launcher.win32.win32.x86_64_1.2.1300.v20250331-1702\eclipse_11911.dll
0x00007ff973ad0000 - 0x00007ff973bfb000 	C:\WINDOWS\System32\ole32.dll
0x00007ff9727b0000 - 0x00007ff9727c8000 	C:\WINDOWS\SYSTEM32\CRYPTSP.dll
0x00007ff971dc0000 - 0x00007ff971df8000 	C:\WINDOWS\system32\rsaenh.dll
0x00007ff972cd0000 - 0x00007ff972cfe000 	C:\WINDOWS\SYSTEM32\USERENV.dll
0x00007ff972610000 - 0x00007ff97261c000 	C:\WINDOWS\SYSTEM32\CRYPTBASE.dll
0x00007ff972180000 - 0x00007ff9721bb000 	C:\WINDOWS\SYSTEM32\IPHLPAPI.DLL
0x00007ff974250000 - 0x00007ff974258000 	C:\WINDOWS\System32\NSI.dll
0x00007ff94ce30000 - 0x00007ff94ce79000 	C:\Users\Joni\AppData\Local\Temp\jna-2314720\jna14394900658755121414.dll
0x00007ff9740c0000 - 0x00007ff9740c8000 	C:\WINDOWS\System32\PSAPI.DLL
0x00007ff96ce90000 - 0x00007ff96cea7000 	C:\WINDOWS\SYSTEM32\dhcpcsvc6.DLL
0x00007ff96ce70000 - 0x00007ff96ce8d000 	C:\WINDOWS\SYSTEM32\dhcpcsvc.DLL
0x00007ff96d3e0000 - 0x00007ff96d3ee000 	C:\Users\Joni\.cursor\extensions\redhat.java-1.42.0-win32-x64\jre\21.0.7-win32-x86_64\bin\sunmscapi.dll
0x00007ff972e20000 - 0x00007ff972f7d000 	C:\WINDOWS\System32\CRYPT32.dll
0x00007ff972780000 - 0x00007ff9727a7000 	C:\WINDOWS\SYSTEM32\ncrypt.dll
0x00007ff972740000 - 0x00007ff97277b000 	C:\WINDOWS\SYSTEM32\NTASN1.dll
0x00007ff9615f0000 - 0x00007ff9615f7000 	C:\WINDOWS\system32\wshunix.dll
0x00007ff96d3d0000 - 0x00007ff96d3d9000 	C:\Users\Joni\.cursor\extensions\redhat.java-1.42.0-win32-x64\jre\21.0.7-win32-x86_64\bin\extnet.dll

dbghelp: loaded successfully - version: 4.0.5 - missing functions: none
symbol engine: initialized successfully - sym options: 0x614 - pdb path: .;c:\Users\Joni\.cursor\extensions\redhat.java-1.42.0-win32-x64\jre\21.0.7-win32-x86_64\bin;C:\WINDOWS\SYSTEM32;C:\WINDOWS\WinSxS\amd64_microsoft.windows.common-controls_6595b64144ccf1df_6.0.19041.5915_none_60b4b9d171f9c7c7;c:\Users\Joni\.cursor\extensions\redhat.java-1.42.0-win32-x64\jre\21.0.7-win32-x86_64\bin\server;C:\Users\Joni\AppData\Roaming\Cursor\User\globalStorage\redhat.java\1.42.0\config_win\org.eclipse.equinox.launcher\org.eclipse.equinox.launcher.win32.win32.x86_64_1.2.1300.v20250331-1702;C:\Users\Joni\AppData\Local\Temp\jna-2314720

VM Arguments:
jvm_args: --add-modules=ALL-SYSTEM --add-opens=java.base/java.util=ALL-UNNAMED --add-opens=java.base/java.lang=ALL-UNNAMED --add-opens=java.base/sun.nio.fs=ALL-UNNAMED -Declipse.application=org.eclipse.jdt.ls.core.id1 -Dosgi.bundles.defaultStartLevel=4 -Declipse.product=org.eclipse.jdt.ls.core.product -Djava.import.generatesMetadataFilesAtProjectRoot=false -DDetectVMInstallationsJob.disabled=true -Dfile.encoding=utf8 -XX:+UseParallelGC -XX:GCTimeRatio=4 -XX:AdaptiveSizePolicyWeight=90 -Dsun.zip.disableMemoryMapping=true -Xmx1G -Xms100m -Xlog:disable -javaagent:c:\Users\Joni\.cursor\extensions\redhat.java-1.42.0-win32-x64\lombok\lombok-1.18.36.jar -XX:+HeapDumpOnOutOfMemoryError -XX:HeapDumpPath=c:\Users\Joni\AppData\Roaming\Cursor\User\workspaceStorage\f89d6dfb2b8d16b9fec1a95af17d94b2\redhat.java -Daether.dependencyCollector.impl=bf 
java_command: c:\Users\Joni\.cursor\extensions\redhat.java-1.42.0-win32-x64\server\plugins\org.eclipse.equinox.launcher_1.7.0.v20250424-1814.jar -configuration c:\Users\Joni\AppData\Roaming\Cursor\User\globalStorage\redhat.java\1.42.0\config_win -data c:\Users\Joni\AppData\Roaming\Cursor\User\workspaceStorage\f89d6dfb2b8d16b9fec1a95af17d94b2\redhat.java\jdt_ws --pipe=\\.\pipe\lsp-e5c1bcad022122e83e4e7600b15033f4-sock
java_class_path (initial): c:\Users\Joni\.cursor\extensions\redhat.java-1.42.0-win32-x64\server\plugins\org.eclipse.equinox.launcher_1.7.0.v20250424-1814.jar
Launcher Type: SUN_STANDARD

[Global flags]
    uintx AdaptiveSizePolicyWeight                 = 90                                        {product} {command line}
     intx CICompilerCount                          = 4                                         {product} {ergonomic}
    uintx GCTimeRatio                              = 4                                         {product} {command line}
     bool HeapDumpOnOutOfMemoryError               = true                                   {manageable} {command line}
    ccstr HeapDumpPath                             = c:\Users\Joni\AppData\Roaming\Cursor\User\workspaceStorage\f89d6dfb2b8d16b9fec1a95af17d94b2\redhat.java         {manageable} {command line}
   size_t InitialHeapSize                          = 104857600                                 {product} {command line}
   size_t MaxHeapSize                              = 1073741824                                {product} {command line}
   size_t MaxNewSize                               = 357564416                                 {product} {ergonomic}
   size_t MinHeapDeltaBytes                        = 524288                                    {product} {ergonomic}
   size_t MinHeapSize                              = 104857600                                 {product} {command line}
   size_t NewSize                                  = 34603008                                  {product} {ergonomic}
    uintx NonNMethodCodeHeapSize                   = 5839372                                {pd product} {ergonomic}
    uintx NonProfiledCodeHeapSize                  = 122909434                              {pd product} {ergonomic}
   size_t OldSize                                  = 70254592                                  {product} {ergonomic}
    uintx ProfiledCodeHeapSize                     = 122909434                              {pd product} {ergonomic}
    uintx ReservedCodeCacheSize                    = 251658240                              {pd product} {ergonomic}
     bool SegmentedCodeCache                       = true                                      {product} {ergonomic}
   size_t SoftMaxHeapSize                          = 1073741824                             {manageable} {ergonomic}
     bool UseCompressedOops                        = true                           {product lp64_product} {ergonomic}
     bool UseLargePagesIndividualAllocation        = false                                  {pd product} {ergonomic}
     bool UseParallelGC                            = true                                      {product} {command line}

Logging:
Log output configuration:
 #0: stdout all=off uptime,level,tags foldmultilines=false
 #1: stderr all=off uptime,level,tags foldmultilines=false

Environment Variables:
JAVA_HOME=C:\Program Files\Java\jdk-24
PATH=C:\Program Files\Common Files\Oracle\Java\javapath;C:\Program Files (x86)\Common Files\Oracle\Java\java8path;C:\Program Files (x86)\Common Files\Oracle\Java\javapath;C:\Python312\Scripts\;C:\Python312\;C:\WINDOWS\system32;C:\WINDOWS;C:\WINDOWS\System32\Wbem;C:\WINDOWS\System32\WindowsPowerShell\v1.0\;C:\Program Files (x86)\Common Files\Adobe\AGL;C:\WINDOWS\System32\OpenSSH\;C:\Users\Joni\AppData\Local\Microsoft\WindowsApps;C:\Program Files (x86)\NVIDIA Corporation\PhysX\Common;C:\WINDOWS\system32\config\systemprofile\AppData\Local\Microsoft\WindowsApps;C:\Program Files (x86)\Intel\Intel(R) Management Engine Components\DAL;C:\Program Files\Intel\Intel(R) Management Engine Components\DAL;C:\WINDOWS\system32;C:\WINDOWS;C:\WINDOWS\System32\Wbem;C:\WINDOWS\System32\WindowsPowerShell\v1.0\;C:\WINDOWS\System32\OpenSSH\;C:\Program Files\Microsoft SQL Server\130\Tools\Binn\;C:\Users\Joni\.dotnet\tools;C:\Program Files\JetBrains\PyCharm Community Edition 2021.2.1\bin;C:\Program Files\Microsoft SQL Server\150\Tools\Binn\;C:\Users\Joni\.cargo\bin;C:\Users\Joni\AppData\Local\Programs\Microsoft VS Code\bin;C:\Users\Joni\AppData\Local\Programs\mongosh\;C:\Program Files\nodejs\;C:\Program Files\CMake\bin;C:\Program Files (x86)\Windows Kits\10\Windows Performance Toolkit\;C:\Program Files\dotnet\;C:\Program Files\Git\cmd;C:\Program Files\NVIDIA Corporation\NVIDIA app\NvDLISR;C:\Program Files (x86)\apache-maven-3.9.9\bin;C:\Program Files\Java\jdk-24\bin;C:\Program Files\Java\jdk-24\bin;C:\Program Files\Common Files\Oracle\Java\javapath;C:\Program Files (x86)\Common Files\Oracle\Java\java8path;C:\Program Files (x86)\Common Files\Oracle\Java\javapath;C:\Python312\Scripts\;C:\Python312\;C:\Program Files (x86)\Razer\ChromaBroadcast\bin;C:\Program Files\Razer\ChromaBroadcast\bin;C:\Program Files (x86)\Razer Chroma SDK\bin;C:\Program Files\Razer Chroma SDK\bin;C:\Users\Joni\AppData\Local\Programs\Python\Python39;C:\WINDOWS\system32;C:\WINDOWS;C:\WINDOWS\System32\Wbem;C:\WINDOWS\System32\WindowsPowerShell\v1.0\;C:\Program Files (x86)\Common Files\Adobe\AGL;C:\WINDOWS\System32\OpenSSH\;C:\Users\Joni\AppData\Local\Programs\Python\Python36\Scripts\;C:\Users\Joni\AppData\Local\Programs\Python\Python36\;C:\Users\Joni\AppData\Local\Microsoft\WindowsApps;C:\Program Files (x86)\NVIDIA Corporation\PhysX\Common;C:\WINDOWS\system32\config\systemprofile\AppData\Local\Microsoft\WindowsApps;C:\Program Files (x86)\Intel\Intel(R) Management Engine Components\DAL;C:\Program Files\Intel\Intel(R) Man;C:\Users\Joni\AppData\Local\Muse Hub\lib;C:\Users\Joni\AppData\Local\Programs\Microsoft VS Code\bin
USERNAME=Joni
OS=Windows_NT
PROCESSOR_IDENTIFIER=Intel64 Family 6 Model 158 Stepping 10, GenuineIntel
TMP=C:\Users\Joni\AppData\Local\Temp
TEMP=C:\Users\Joni\AppData\Local\Temp




Periodic native trim disabled

---------------  S Y S T E M  ---------------

OS:
 Windows 10 , 64 bit Build 19041 (10.0.19041.5915)
OS uptime: 0 days 10:34 hours
Hyper-V role detected

CPU: total 12 (initial active 12) (6 cores per cpu, 2 threads per core) family 6 model 158 stepping 10 microcode 0xb4, cx8, cmov, fxsr, ht, mmx, 3dnowpref, sse, sse2, sse3, ssse3, sse4.1, sse4.2, popcnt, lzcnt, tsc, tscinvbit, avx, avx2, aes, erms, clmul, bmi1, bmi2, rtm, adx, fma, vzeroupper, clflush, clflushopt, hv, rdtscp, f16c
Processor Information for the first 12 processors :
  Max Mhz: 3192, Current Mhz: 3192, Mhz Limit: 3192

Memory: 4k page, system-wide physical 16318M (7576M free)
TotalPageFile size 24254M (AvailPageFile size 10893M)
current process WorkingSet (physical memory assigned to process): 779M, peak: 1154M
current process commit charge ("private bytes"): 697M, peak: 1052M

vm_info: OpenJDK 64-Bit Server VM (21.0.7+6-LTS) for windows-amd64 JRE (21.0.7+6-LTS), built on 2025-04-15T00:00:00Z by "admin" with MS VC++ 17.7 (VS2022)

END.
